[debug] [2023-10-18T17:53:58.540Z] ----------------------------------------------------------------------
[debug] [2023-10-18T17:53:58.542Z] Command:       /usr/local/Cellar/node/20.7.0/bin/node /usr/local/bin/firebase init
[debug] [2023-10-18T17:53:58.542Z] CLI Version:   12.7.0
[debug] [2023-10-18T17:53:58.542Z] Platform:      darwin
[debug] [2023-10-18T17:53:58.543Z] Node Version:  v20.7.0
[debug] [2023-10-18T17:53:58.543Z] Time:          Wed Oct 18 2023 10:53:58 GMT-0700 (Pacific Daylight Time)
[debug] [2023-10-18T17:53:58.543Z] ----------------------------------------------------------------------
[debug] 
[debug] [2023-10-18T17:53:58.602Z] > command requires scopes: ["email","openid","https://www.googleapis.com/auth/cloudplatformprojects.readonly","https://www.googleapis.com/auth/firebase","https://www.googleapis.com/auth/cloud-platform"]
[debug] [2023-10-18T17:53:58.602Z] > authorizing via signed-in user (jumiryoo@gmail.com)
[info] 
     ######## #### ########  ######## ########     ###     ######  ########
     ##        ##  ##     ## ##       ##     ##  ##   ##  ##       ##
     ######    ##  ########  ######   ########  #########  ######  ######
     ##        ##  ##    ##  ##       ##     ## ##     ##       ## ##
     ##       #### ##     ## ######## ########  ##     ##  ######  ########

You're about to initialize a Firebase project in this directory:

  /Users/christine/Desktop/seir-kale/capstone/wtpa

Before we get started, keep in mind:

  * You are initializing within an existing Firebase project directory

[info] 
=== Project Setup
[info] 
[info] First, let's associate this project directory with a Firebase project.
[info] You can create multiple project aliases by running firebase use --add, 
[info] but for now we'll just set up a default project.
[info] 
[debug] [2023-10-18T17:54:06.507Z] Using project from CLI flag: wtpa-afd8c
[debug] [2023-10-18T17:54:06.508Z] > refreshing access token with scopes: []
[debug] [2023-10-18T17:54:06.509Z] >>> [apiv2][query] POST https://www.googleapis.com/oauth2/v3/token [none]
[debug] [2023-10-18T17:54:06.509Z] >>> [apiv2][body] POST https://www.googleapis.com/oauth2/v3/token [omitted]
[debug] [2023-10-18T17:54:06.624Z] <<< [apiv2][status] POST https://www.googleapis.com/oauth2/v3/token 200
[debug] [2023-10-18T17:54:06.624Z] <<< [apiv2][body] POST https://www.googleapis.com/oauth2/v3/token [omitted]
[debug] [2023-10-18T17:54:06.643Z] >>> [apiv2][query] GET https://firebase.googleapis.com/v1beta1/projects/wtpa-afd8c [none]
[debug] [2023-10-18T17:54:06.992Z] <<< [apiv2][status] GET https://firebase.googleapis.com/v1beta1/projects/wtpa-afd8c 200
[debug] [2023-10-18T17:54:06.993Z] <<< [apiv2][body] GET https://firebase.googleapis.com/v1beta1/projects/wtpa-afd8c {"projectId":"wtpa-afd8c","projectNumber":"941150856479","displayName":"wtpa","name":"projects/wtpa-afd8c","resources":{"hostingSite":"wtpa-afd8c","realtimeDatabaseInstance":"wtpa-afd8c-default-rtdb"},"state":"ACTIVE","etag":"1_e41ff082-f723-4c8b-a81a-b519c9133b5f"}
[info] i  Using project wtpa-afd8c (wtpa) 
[info] 
=== Hosting:github Setup
[info] 
[info] i  Detected a .git folder at /Users/christine/Desktop/seir-kale/capstone 
[info] i  Authorizing with GitHub to upload your service account to a GitHub repository's secrets store. 
[info] 
[info] Visit this URL on this device to log in:
[info] https://github.com/login/oauth/authorize?client_id=89cf50f02ac6aaed3484&state=946841579&redirect_uri=http%3A%2F%2Flocalhost%3A9005&scope=read%3Auser%20repo%20public_repo
[info] 
[info] Waiting for authentication...
[debug] [2023-10-18T17:54:07.705Z] >>> [apiv2][query] POST https://github.com/login/oauth/access_token [none]
[debug] [2023-10-18T17:54:07.705Z] >>> [apiv2][body] POST https://github.com/login/oauth/access_token [stream]
[debug] [2023-10-18T17:54:08.212Z] <<< [apiv2][status] POST https://github.com/login/oauth/access_token 200
[debug] [2023-10-18T17:54:08.212Z] <<< [apiv2][body] POST https://github.com/login/oauth/access_token {"access_token":"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","token_type":"bearer","scope":"read:user,repo"}
[debug] [2023-10-18T17:54:08.216Z] >>> [apiv2][query] GET https://api.github.com/user [none]
[debug] [2023-10-18T17:54:08.662Z] <<< [apiv2][status] GET https://api.github.com/user 200
[debug] [2023-10-18T17:54:08.662Z] <<< [apiv2][body] GET https://api.github.com/user {"login":"cwon07","id":128649577,"node_id":"U_kgDOB6sJaQ","avatar_url":"https://avatars.githubusercontent.com/u/128649577?v=4","gravatar_id":"","url":"https://api.github.com/users/cwon07","html_url":"https://github.com/cwon07","followers_url":"https://api.github.com/users/cwon07/followers","following_url":"https://api.github.com/users/cwon07/following{/other_user}","gists_url":"https://api.github.com/users/cwon07/gists{/gist_id}","starred_url":"https://api.github.com/users/cwon07/starred{/owner}{/repo}","subscriptions_url":"https://api.github.com/users/cwon07/subscriptions","organizations_url":"https://api.github.com/users/cwon07/orgs","repos_url":"https://api.github.com/users/cwon07/repos","events_url":"https://api.github.com/users/cwon07/events{/privacy}","received_events_url":"https://api.github.com/users/cwon07/received_events","type":"User","site_admin":false,"name":null,"company":null,"blog":"","location":null,"email":null,"hireable":null,"bio":null,"twitter_username":null,"public_repos":47,"public_gists":0,"followers":0,"following":0,"created_at":"2023-03-22T22:40:24Z","updated_at":"2023-09-29T06:11:56Z","private_gists":0,"total_private_repos":0,"owned_private_repos":0,"disk_usage":68723,"collaborators":0,"two_factor_authentication":false,"plan":{"name":"free","space":976562499,"collaborators":0,"private_repos":10000}}
[info] 
[info] ✔  Success! Logged into GitHub as cwon07 
[info] 
[debug] [2023-10-18T17:54:19.800Z] >>> [apiv2][query] GET https://api.github.com/repos/cwong07/capstone_frontend/actions/secrets/public-key type=owner
[debug] [2023-10-18T17:54:20.245Z] <<< [apiv2][status] GET https://api.github.com/repos/cwong07/capstone_frontend/actions/secrets/public-key 404
[debug] [2023-10-18T17:54:20.245Z] <<< [apiv2][body] GET https://api.github.com/repos/cwong07/capstone_frontend/actions/secrets/public-key {"message":"Not Found","documentation_url":"https://docs.github.com/rest/actions/secrets#get-a-repository-public-key"}
[info] 
[info] 
[error] ⚠  The provided authorization cannot be used with this repository. If this repository is in an organization, did you remember to grant access? 
[info] 
[info] i  Action required: Visit this URL to ensure access has been granted to the appropriate organization(s) for the Firebase CLI GitHub OAuth App: 
[info] https://github.com/settings/connections/applications/89cf50f02ac6aaed3484
[info] 
